  AppWindow.cpp
C:\Users\Francis Apolinar\Documents\GitHub\GDENG03\DirectXGame\DirectXGame\Matrix4x4.h(41,20): warning C4244: '=': conversion from 'double' to 'float', possible loss of data
C:\Users\Francis Apolinar\Documents\GitHub\GDENG03\DirectXGame\DirectXGame\Matrix4x4.h(42,20): warning C4244: '=': conversion from 'double' to 'float', possible loss of data
C:\Users\Francis Apolinar\Documents\GitHub\GDENG03\DirectXGame\DirectXGame\Matrix4x4.h(43,17): warning C4244: '=': conversion from 'double' to 'float', possible loss of data
C:\Users\Francis Apolinar\Documents\GitHub\GDENG03\DirectXGame\DirectXGame\Matrix4x4.h(44,20): warning C4244: '=': conversion from 'double' to 'float', possible loss of data
C:\Users\Francis Apolinar\Documents\GitHub\GDENG03\DirectXGame\DirectXGame\Matrix4x4.h(50,20): warning C4244: '=': conversion from 'double' to 'float', possible loss of data
C:\Users\Francis Apolinar\Documents\GitHub\GDENG03\DirectXGame\DirectXGame\Matrix4x4.h(51,17): warning C4244: '=': conversion from 'double' to 'float', possible loss of data
C:\Users\Francis Apolinar\Documents\GitHub\GDENG03\DirectXGame\DirectXGame\Matrix4x4.h(52,20): warning C4244: '=': conversion from 'double' to 'float', possible loss of data
C:\Users\Francis Apolinar\Documents\GitHub\GDENG03\DirectXGame\DirectXGame\Matrix4x4.h(53,20): warning C4244: '=': conversion from 'double' to 'float', possible loss of data
C:\Users\Francis Apolinar\Documents\GitHub\GDENG03\DirectXGame\DirectXGame\Matrix4x4.h(59,20): warning C4244: '=': conversion from 'double' to 'float', possible loss of data
C:\Users\Francis Apolinar\Documents\GitHub\GDENG03\DirectXGame\DirectXGame\Matrix4x4.h(60,20): warning C4244: '=': conversion from 'double' to 'float', possible loss of data
C:\Users\Francis Apolinar\Documents\GitHub\GDENG03\DirectXGame\DirectXGame\Matrix4x4.h(61,17): warning C4244: '=': conversion from 'double' to 'float', possible loss of data
C:\Users\Francis Apolinar\Documents\GitHub\GDENG03\DirectXGame\DirectXGame\Matrix4x4.h(62,20): warning C4244: '=': conversion from 'double' to 'float', possible loss of data
C:\Users\Francis Apolinar\Documents\GitHub\GDENG03\DirectXGame\DirectXGame\AppWindow.cpp(192,82): warning C4267: 'argument': conversion from 'size_t' to 'UINT', possible loss of data
C:\Users\Francis Apolinar\Documents\GitHub\GDENG03\DirectXGame\DirectXGame\AppWindow.cpp(324,53): warning C4244: 'argument': conversion from 'double' to 'float', possible loss of data
C:\Users\Francis Apolinar\Documents\GitHub\GDENG03\DirectXGame\DirectXGame\AppWindow.cpp(337,30): warning C4244: '=': conversion from 'DWORD' to 'float', possible loss of data
  main.cpp
C:\Users\Francis Apolinar\Documents\GitHub\GDENG03\DirectXGame\DirectXGame\Matrix4x4.h(41,20): warning C4244: '=': conversion from 'double' to 'float', possible loss of data
C:\Users\Francis Apolinar\Documents\GitHub\GDENG03\DirectXGame\DirectXGame\Matrix4x4.h(42,20): warning C4244: '=': conversion from 'double' to 'float', possible loss of data
C:\Users\Francis Apolinar\Documents\GitHub\GDENG03\DirectXGame\DirectXGame\Matrix4x4.h(43,17): warning C4244: '=': conversion from 'double' to 'float', possible loss of data
C:\Users\Francis Apolinar\Documents\GitHub\GDENG03\DirectXGame\DirectXGame\Matrix4x4.h(44,20): warning C4244: '=': conversion from 'double' to 'float', possible loss of data
C:\Users\Francis Apolinar\Documents\GitHub\GDENG03\DirectXGame\DirectXGame\Matrix4x4.h(50,20): warning C4244: '=': conversion from 'double' to 'float', possible loss of data
C:\Users\Francis Apolinar\Documents\GitHub\GDENG03\DirectXGame\DirectXGame\Matrix4x4.h(51,17): warning C4244: '=': conversion from 'double' to 'float', possible loss of data
C:\Users\Francis Apolinar\Documents\GitHub\GDENG03\DirectXGame\DirectXGame\Matrix4x4.h(52,20): warning C4244: '=': conversion from 'double' to 'float', possible loss of data
C:\Users\Francis Apolinar\Documents\GitHub\GDENG03\DirectXGame\DirectXGame\Matrix4x4.h(53,20): warning C4244: '=': conversion from 'double' to 'float', possible loss of data
C:\Users\Francis Apolinar\Documents\GitHub\GDENG03\DirectXGame\DirectXGame\Matrix4x4.h(59,20): warning C4244: '=': conversion from 'double' to 'float', possible loss of data
C:\Users\Francis Apolinar\Documents\GitHub\GDENG03\DirectXGame\DirectXGame\Matrix4x4.h(60,20): warning C4244: '=': conversion from 'double' to 'float', possible loss of data
C:\Users\Francis Apolinar\Documents\GitHub\GDENG03\DirectXGame\DirectXGame\Matrix4x4.h(61,17): warning C4244: '=': conversion from 'double' to 'float', possible loss of data
C:\Users\Francis Apolinar\Documents\GitHub\GDENG03\DirectXGame\DirectXGame\Matrix4x4.h(62,20): warning C4244: '=': conversion from 'double' to 'float', possible loss of data
  Generating Code...
  DirectXGame.vcxproj -> C:\Users\Francis Apolinar\Documents\GitHub\GDENG03\DirectXGame\x64\Debug\DirectXGame.exe
